<?xml version="1.0" encoding="UTF-8"?>
<!-- Generated by org.testng.reporters.JUnitReportReporter -->
<testsuite hostname="LAPTOP-3RTJA3IH" failures="0" tests="16" name="runner.LoginRunner" time="43.134" errors="0" timestamp="2023-01-14T22:17:13 IST" skipped="0">
  <testcase classname="runner.LoginRunner" name="runScenario" time="0.043"/>
  <system-out/>
  <testcase classname="runner.LoginRunner" name="runScenario" time="0.028"/>
  <system-out/>
  <testcase classname="runner.LoginRunner" name="runScenario" time="0.033"/>
  <system-out/>
  <testcase classname="runner.LoginRunner" name="runScenario" time="0.044"/>
  <system-out/>
  <testcase classname="runner.LoginRunner" name="runScenario" time="0.046"/>
  <system-out/>
  <testcase classname="runner.LoginRunner" name="runScenario" time="0.032"/>
  <system-out/>
  <testcase classname="runner.LoginRunner" name="runScenario" time="0.037"/>
  <system-out/>
  <testcase classname="runner.LoginRunner" name="runScenario" time="0.027"/>
  <system-out/>
  <testcase classname="runner.LoginRunner" name="runScenario" time="0.025"/>
  <system-out/>
  <testcase classname="runner.LoginRunner" name="runScenario" time="0.035"/>
  <system-out/>
  <testcase classname="runner.LoginRunner" name="runScenario" time="0.012"/>
  <system-out/>
  <testcase classname="runner.LoginRunner" name="runScenario" time="0.048"/>
  <system-out/>
  <testcase classname="runner.LoginRunner" name="runScenario" time="0.026"/>
  <system-out/>
  <testcase classname="runner.LoginRunner" name="runScenario" time="0.047"/>
  <system-out/>
  <testcase classname="runner.LoginRunner" name="runScenario" time="0.039"/>
  <system-out/>
  <testcase classname="runner.LoginRunner" name="runScenario" time="42.612"/>
  <system-out/>
</testsuite> <!-- runner.LoginRunner -->
